# JRE version: OpenJDK Runtime Environment (14.0.2+12) (build 14.0.2+12-46)
# Java VM: OpenJDK 64-Bit Server VM (14.0.2+12-46, mixed mode, sharing, tiered, compressed oops, g1 gc, windows-amd64)
Heap:
 garbage-first heap   total 152576K, used 84729K [0x0000000741000000, 0x0000000800000000)
  region size 1024K, 26 young (26624K), 2 survivors (2048K)
 Metaspace       used 63691K, capacity 65628K, committed 65968K, reserved 1105920K
  class space    used 8629K, capacity 9349K, committed 9472K, reserved 1048576K
GC Heap History (20 events):
Event: 589.151 GC heap before
{Heap before GC invocations=31 (full 0):
 garbage-first heap   total 122880K, used 104496K [0x0000000741000000, 0x0000000800000000)
  region size 1024K, 54 young (55296K), 4 survivors (4096K)
 Metaspace       used 61198K, capacity 63122K, committed 63280K, reserved 1103872K
  class space    used 8342K, capacity 9034K, committed 9088K, reserved 1048576K
}
Event: 589.154 GC heap after
{Heap after GC invocations=32 (full 0):
 garbage-first heap   total 122880K, used 53439K [0x0000000741000000, 0x0000000800000000)
  region size 1024K, 4 young (4096K), 4 survivors (4096K)
 Metaspace       used 61198K, capacity 63122K, committed 63280K, reserved 1103872K
  class space    used 8342K, capacity 9034K, committed 9088K, reserved 1048576K
}
Event: 654.499 GC heap before
{Heap before GC invocations=32 (full 0):
 garbage-first heap   total 122880K, used 81087K [0x0000000741000000, 0x0000000800000000)
  region size 1024K, 32 young (32768K), 4 survivors (4096K)
 Metaspace       used 61521K, capacity 63406K, committed 63536K, reserved 1103872K
  class space    used 8387K, capacity 9086K, committed 9088K, reserved 1048576K
}
Event: 654.571 GC heap after
{Heap after GC invocations=33 (full 1):
 garbage-first heap   total 122880K, used 40723K [0x0000000741000000, 0x0000000800000000)
  region size 1024K, 0 young (0K), 0 survivors (0K)
 Metaspace       used 61486K, capacity 63352K, committed 63536K, reserved 1103872K
  class space    used 8382K, capacity 9077K, committed 9088K, reserved 1048576K
}
Event: 655.255 GC heap before
{Heap before GC invocations=33 (full 1):
 garbage-first heap   total 122880K, used 101139K [0x0000000741000000, 0x0000000800000000)
  region size 1024K, 60 young (61440K), 0 survivors (0K)
 Metaspace       used 61816K, capacity 63747K, committed 63920K, reserved 1103872K
  class space    used 8437K, capacity 9160K, committed 9216K, reserved 1048576K
}
Event: 655.258 GC heap after
{Heap after GC invocations=34 (full 1):
 garbage-first heap   total 122880K, used 43900K [0x0000000741000000, 0x0000000800000000)
  region size 1024K, 4 young (4096K), 4 survivors (4096K)
 Metaspace       used 61816K, capacity 63747K, committed 63920K, reserved 1103872K
  class space    used 8437K, capacity 9160K, committed 9216K, reserved 1048576K
}
Event: 655.520 GC heap before
{Heap before GC invocations=34 (full 1):
 garbage-first heap   total 122880K, used 99196K [0x0000000741000000, 0x0000000800000000)
  region size 1024K, 59 young (60416K), 4 survivors (4096K)
 Metaspace       used 62478K, capacity 64471K, committed 64816K, reserved 1105920K
  class space    used 8504K, capacity 9240K, committed 9344K, reserved 1048576K
}
Event: 655.523 GC heap after
{Heap after GC invocations=35 (full 1):
 garbage-first heap   total 122880K, used 45106K [0x0000000741000000, 0x0000000800000000)
  region size 1024K, 5 young (5120K), 5 survivors (5120K)
 Metaspace       used 62478K, capacity 64471K, committed 64816K, reserved 1105920K
  class space    used 8504K, capacity 9240K, committed 9344K, reserved 1048576K
}
Event: 655.922 GC heap before
{Heap before GC invocations=35 (full 1):
 garbage-first heap   total 122880K, used 100402K [0x0000000741000000, 0x0000000800000000)
  region size 1024K, 59 young (60416K), 5 survivors (5120K)
 Metaspace       used 62813K, capacity 64773K, committed 65072K, reserved 1105920K
  class space    used 8551K, capacity 9292K, committed 9344K, reserved 1048576K
}
Event: 655.931 GC heap after
{Heap after GC invocations=36 (full 1):
 garbage-first heap   total 122880K, used 50241K [0x0000000741000000, 0x0000000800000000)
  region size 1024K, 7 young (7168K), 7 survivors (7168K)
 Metaspace       used 62813K, capacity 64773K, committed 65072K, reserved 1105920K
  class space    used 8551K, capacity 9292K, committed 9344K, reserved 1048576K
}
Event: 656.219 GC heap before
{Heap before GC invocations=36 (full 1):
 garbage-first heap   total 122880K, used 98369K [0x0000000741000000, 0x0000000800000000)
  region size 1024K, 54 young (55296K), 7 survivors (7168K)
 Metaspace       used 63125K, capacity 65099K, committed 65328K, reserved 1105920K
  class space    used 8578K, capacity 9293K, committed 9344K, reserved 1048576K
}
Event: 656.224 GC heap after
{Heap after GC invocations=37 (full 1):
 garbage-first heap   total 122880K, used 51553K [0x0000000741000000, 0x0000000800000000)
  region size 1024K, 2 young (2048K), 2 survivors (2048K)
 Metaspace       used 63125K, capacity 65099K, committed 65328K, reserved 1105920K
  class space    used 8578K, capacity 9293K, committed 9344K, reserved 1048576K
}
Event: 656.487 GC heap before
{Heap before GC invocations=37 (full 1):
 garbage-first heap   total 122880K, used 98657K [0x0000000741000000, 0x0000000800000000)
  region size 1024K, 48 young (49152K), 2 survivors (2048K)
 Metaspace       used 63503K, capacity 65483K, committed 65712K, reserved 1105920K
  class space    used 8615K, capacity 9357K, committed 9472K, reserved 1048576K
}
Event: 656.490 GC heap after
{Heap after GC invocations=38 (full 1):
 garbage-first heap   total 122880K, used 52082K [0x0000000741000000, 0x0000000800000000)
  region size 1024K, 3 young (3072K), 3 survivors (3072K)
 Metaspace       used 63503K, capacity 65483K, committed 65712K, reserved 1105920K
  class space    used 8615K, capacity 9357K, committed 9472K, reserved 1048576K
}
Event: 656.675 GC heap before
{Heap before GC invocations=38 (full 1):
 garbage-first heap   total 122880K, used 99186K [0x0000000741000000, 0x0000000800000000)
  region size 1024K, 49 young (50176K), 3 survivors (3072K)
 Metaspace       used 63689K, capacity 65675K, committed 65968K, reserved 1105920K
  class space    used 8634K, capacity 9357K, committed 9472K, reserved 1048576K
}
Event: 656.679 GC heap after
{Heap after GC invocations=39 (full 1):
 garbage-first heap   total 122880K, used 55289K [0x0000000741000000, 0x0000000800000000)
  region size 1024K, 6 young (6144K), 6 survivors (6144K)
 Metaspace       used 63689K, capacity 65675K, committed 65968K, reserved 1105920K
  class space    used 8634K, capacity 9357K, committed 9472K, reserved 1048576K
}
Event: 656.769 GC heap before
{Heap before GC invocations=39 (full 1):
 garbage-first heap   total 122880K, used 98297K [0x0000000741000000, 0x0000000800000000)
  region size 1024K, 48 young (49152K), 6 survivors (6144K)
 Metaspace       used 63690K, capacity 65676K, committed 65968K, reserved 1105920K
  class space    used 8634K, capacity 9357K, committed 9472K, reserved 1048576K
}
Event: 656.776 GC heap after
{Heap after GC invocations=40 (full 1):
 garbage-first heap   total 122880K, used 60369K [0x0000000741000000, 0x0000000800000000)
  region size 1024K, 6 young (6144K), 6 survivors (6144K)
 Metaspace       used 63690K, capacity 65676K, committed 65968K, reserved 1105920K
  class space    used 8634K, capacity 9357K, committed 9472K, reserved 1048576K
}
Event: 656.906 GC heap before
{Heap before GC invocations=40 (full 1):
 garbage-first heap   total 122880K, used 96209K [0x0000000741000000, 0x0000000800000000)
  region size 1024K, 42 young (43008K), 6 survivors (6144K)
 Metaspace       used 63703K, capacity 65682K, committed 65968K, reserved 1105920K
  class space    used 8634K, capacity 9358K, committed 9472K, reserved 1048576K
}
Event: 656.910 GC heap after
{Heap after GC invocations=41 (full 1):
 garbage-first heap   total 122880K, used 62201K [0x0000000741000000, 0x0000000800000000)
  region size 1024K, 2 young (2048K), 2 survivors (2048K)
 Metaspace       used 63703K, capacity 65682K, committed 65968K, reserved 1105920K
  class space    used 8634K, capacity 9358K, committed 9472K, reserved 1048576K
}

